<?xml version="1.0" encoding="UTF-8"?>
<!-- Generated by org.testng.reporters.JUnitReportReporter -->
<testsuite skipped="0" hostname="DESKTOP-71PN4CI" name="Campus.CountryTest" tests="6" failures="0" timestamp="2023-05-01T21:37:44 GST" time="4.592" errors="0">
  <testcase name="deleteCountry" time="0.532" classname="Campus.CountryTest"/>
  <system-out/>
  <testcase name="Login" time="0.784" classname="Campus.CountryTest"/>
  <system-out/>
  <testcase name="createCountry" time="1.392" classname="Campus.CountryTest"/>
  <system-out/>
  <testcase name="createCountryNegative" time="0.672" classname="Campus.CountryTest"/>
  <system-out/>
  <testcase name="updateCountry" time="0.648" classname="Campus.CountryTest"/>
  <system-out/>
  <testcase name="deleteCountryNegative" time="0.564" classname="Campus.CountryTest"/>
  <system-out/>
</testsuite> <!-- Campus.CountryTest -->
